<?xml version="1.0" encoding="UTF-8"?><testrun name="test_runner" project="cucumber2" tests="1" started="1" failures="0" errors="1" ignored="0">
  <testsuite name="testrunner.Test_Runner" time="0.216">
    <testsuite name="we are checking ebay home page" time="0.216">
      <testcase name="advanced link" classname="we are checking ebay home page" time="0.216">
        <error>java.lang.IllegalStateException: The driver executable must exist: C:\Users\LENOVO\eclipse-workspace\cucumber2\webdrivers\chromedriver&#13;
	at org.openqa.selenium.internal.Require$FileStateChecker.isFile(Require.java:342)&#13;
	at org.openqa.selenium.remote.service.DriverService.checkExecutable(DriverService.java:147)&#13;
	at org.openqa.selenium.remote.service.DriverService.findExecutable(DriverService.java:142)&#13;
	at org.openqa.selenium.chrome.ChromeDriverService.access$000(ChromeDriverService.java:32)&#13;
	at org.openqa.selenium.chrome.ChromeDriverService$Builder.findDefaultExecutable(ChromeDriverService.java:137)&#13;
	at org.openqa.selenium.remote.service.DriverService$Builder.build(DriverService.java:437)&#13;
	at org.openqa.selenium.chrome.ChromeDriverService.createDefaultService(ChromeDriverService.java:88)&#13;
	at org.openqa.selenium.chrome.ChromeDriver.&lt;init&gt;(ChromeDriver.java:116)&#13;
	at stepss.ebay_stepss.i_am_navigated_to_home_page(ebay_stepss.java:19)&#13;
	at âœ½.i am navigated to home page(file:///C:/Users/LENOVO/eclipse-workspace/cucumber2/features/Ebay_home.feature:5)&#13;
&#13;
</error>
      </testcase>
    </testsuite>
  </testsuite>
</testrun>
